[2023-08-24 17:50:01:301][main] INFO  FIS.iLUVit.ILuVitApplication - Starting ILuVitApplication using Java 17.0.5 on iyunaui-MacBookAir.local with PID 82673 (/Users/iyuna/IdeaProjects/ILUVIT_BACK/build/classes/java/main started by iyuna in /Users/iyuna/IdeaProjects/ILUVIT_BACK)
[2023-08-24 17:50:01:302][main] INFO  FIS.iLUVit.ILuVitApplication - The following 7 profiles are active: "secret", "s3", "map", "security", "http", "auth", "local"
[2023-08-24 17:50:05:4823][main] INFO  FIS.iLUVit.ILuVitApplication - Started ILuVitApplication in 4.752 seconds (JVM running for 5.073)
[2023-08-24 17:50:08:7685][http-nio-8081-exec-2] INFO  FIS.iLUVit.aspect.trace.Trace - [UUID: 2901f16e-3f50-4fd, user: null, request: /post/10000 method: GET] |--> Optional org.springframework.data.repository.CrudRepository.findById(Object)
[2023-08-24 17:50:08:7896][http-nio-8081-exec-2] INFO  FIS.iLUVit.aspect.trace.Trace - [UUID: 2901f16e-3f50-4fd, user: null, request: /post/10000 method: GET] |<--Optional org.springframework.data.repository.CrudRepository.findById(Object) time = 211ms
[2023-08-24 17:50:09:7918][http-nio-8081-exec-2] INFO  FIS.iLUVit.aspect.trace.Trace - [UUID: 2901f16e-3f50-4fd, user: 15, request: /post/10000 method: GET] |--> PostResponse FIS.iLUVit.controller.PostController.getPostDetails(Long,Long)
[2023-08-24 17:50:09:7928][http-nio-8081-exec-2] INFO  FIS.iLUVit.aspect.trace.Trace - [UUID: 2901f16e-3f50-4fd, user: 15, request: /post/10000 method: GET] |   |--> PostResponse FIS.iLUVit.service.PostService.findPostByPostId(Long,Long)
[2023-08-24 17:50:09:7932][http-nio-8081-exec-2] INFO  FIS.iLUVit.aspect.trace.Trace - [UUID: 2901f16e-3f50-4fd, user: 15, request: /post/10000 method: GET] |   |   |--> Optional FIS.iLUVit.repository.PostRepository.findByIdWithUserAndBoardAndCenter(Long)
[2023-08-24 17:50:09:7950][http-nio-8081-exec-2] INFO  FIS.iLUVit.aspect.trace.Trace - [UUID: 2901f16e-3f50-4fd, user: 15, request: /post/10000 method: GET] |   |   |<--Optional FIS.iLUVit.repository.PostRepository.findByIdWithUserAndBoardAndCenter(Long) time = 18ms
[2023-08-24 17:50:09:7952][http-nio-8081-exec-2] INFO  FIS.iLUVit.aspect.trace.Trace - [UUID: 15, user: /post/10000, request: GET method: |   |<X-] PostResponse FIS.iLUVit.service.PostService.findPostByPostId(Long,Long)24 time = {}ms2901f16e-3f50-4fd
[2023-08-24 17:50:09:7999][http-nio-8081-exec-2] INFO  FIS.iLUVit.aspect.trace.Trace - [UUID: 15, user: /post/10000, request: GET method: |<X-] PostResponse FIS.iLUVit.controller.PostController.getPostDetails(Long,Long)81 time = {}ms2901f16e-3f50-4fd
[2023-08-24 17:50:09:8001][http-nio-8081-exec-2] WARN  F.i.e.e.c.GlobalControllerAdvice - [PostException] GET /post/10000 errMessage=해당 아이디를 가진 게시글이 존재하지 않습니다.

[2023-08-24 17:50:22:21512][http-nio-8081-exec-3] INFO  FIS.iLUVit.aspect.trace.Trace - [UUID: 8ed1490e-5c2d-4b1, user: null, request: /post/10000 method: GET] |--> Optional org.springframework.data.repository.CrudRepository.findById(Object)
[2023-08-24 17:50:22:21580][http-nio-8081-exec-3] INFO  FIS.iLUVit.aspect.trace.Trace - [UUID: 8ed1490e-5c2d-4b1, user: null, request: /post/10000 method: GET] |<--Optional org.springframework.data.repository.CrudRepository.findById(Object) time = 68ms
[2023-08-24 17:50:22:21587][http-nio-8081-exec-3] INFO  FIS.iLUVit.aspect.trace.Trace - [UUID: 8ed1490e-5c2d-4b1, user: 15, request: /post/10000 method: GET] |--> PostResponse FIS.iLUVit.controller.PostController.getPostDetails(Long,Long)
[2023-08-24 17:50:22:21613][http-nio-8081-exec-3] INFO  FIS.iLUVit.aspect.trace.Trace - [UUID: 8ed1490e-5c2d-4b1, user: 15, request: /post/10000 method: GET] |   |--> PostResponse FIS.iLUVit.service.PostService.findPostByPostId(Long,Long)
[2023-08-24 17:50:22:21614][http-nio-8081-exec-3] INFO  FIS.iLUVit.aspect.trace.Trace - [UUID: 8ed1490e-5c2d-4b1, user: 15, request: /post/10000 method: GET] |   |   |--> Optional FIS.iLUVit.repository.PostRepository.findByIdWithUserAndBoardAndCenter(Long)
[2023-08-24 17:50:22:21631][http-nio-8081-exec-3] INFO  FIS.iLUVit.aspect.trace.Trace - [UUID: 8ed1490e-5c2d-4b1, user: 15, request: /post/10000 method: GET] |   |   |<--Optional FIS.iLUVit.repository.PostRepository.findByIdWithUserAndBoardAndCenter(Long) time = 17ms
[2023-08-24 17:50:22:21633][http-nio-8081-exec-3] INFO  FIS.iLUVit.aspect.trace.Trace - [UUID: 15, user: /post/10000, request: GET method: |   |<X-] PostResponse FIS.iLUVit.service.PostService.findPostByPostId(Long,Long)20 time = {}ms8ed1490e-5c2d-4b1
[2023-08-24 17:50:22:21651][http-nio-8081-exec-3] INFO  FIS.iLUVit.aspect.trace.Trace - [UUID: 15, user: /post/10000, request: GET method: |<X-] PostResponse FIS.iLUVit.controller.PostController.getPostDetails(Long,Long)64 time = {}ms8ed1490e-5c2d-4b1
[2023-08-24 17:50:22:21652][http-nio-8081-exec-3] WARN  F.i.e.e.c.GlobalControllerAdvice - [PostException] GET /post/10000 errMessage=해당 아이디를 가진 게시글이 존재하지 않습니다.

[2023-08-24 17:51:46:338][main] INFO  FIS.iLUVit.ILuVitApplication - Starting ILuVitApplication using Java 17.0.5 on iyunaui-MacBookAir.local with PID 82734 (/Users/iyuna/IdeaProjects/ILUVIT_BACK/build/classes/java/main started by iyuna in /Users/iyuna/IdeaProjects/ILUVIT_BACK)
[2023-08-24 17:51:46:339][main] INFO  FIS.iLUVit.ILuVitApplication - The following 7 profiles are active: "secret", "s3", "map", "security", "http", "auth", "local"
[2023-08-24 17:51:51:5007][main] INFO  FIS.iLUVit.ILuVitApplication - Started ILuVitApplication in 4.922 seconds (JVM running for 5.244)
[2023-08-24 18:11:00:836][main] INFO  FIS.iLUVit.ILuVitApplication - Starting ILuVitApplication using Java 17.0.5 on iyunaui-MacBookAir.local with PID 83334 (/Users/iyuna/IdeaProjects/ILUVIT_BACK/build/classes/java/main started by iyuna in /Users/iyuna/IdeaProjects/ILUVIT_BACK)
[2023-08-24 18:11:00:841][main] INFO  FIS.iLUVit.ILuVitApplication - The following 7 profiles are active: "secret", "s3", "map", "security", "http", "auth", "local"
[2023-08-24 18:11:06:6313][main] INFO  FIS.iLUVit.ILuVitApplication - Started ILuVitApplication in 6.124 seconds (JVM running for 6.656)
[2023-08-24 22:43:09:538][main] INFO  FIS.iLUVit.ILuVitApplication - Starting ILuVitApplication using Java 17.0.5 on iyunaui-MacBookAir.local with PID 85228 (/Users/iyuna/IdeaProjects/ILUVIT_BACK/build/classes/java/main started by iyuna in /Users/iyuna/IdeaProjects/ILUVIT_BACK)
[2023-08-24 22:43:09:540][main] INFO  FIS.iLUVit.ILuVitApplication - The following 7 profiles are active: "secret", "s3", "map", "security", "http", "auth", "local"
[2023-08-24 22:43:13:5031][main] INFO  FIS.iLUVit.ILuVitApplication - Started ILuVitApplication in 4.915 seconds (JVM running for 5.631)
[2023-08-24 23:13:32:1823468][http-nio-8081-exec-1] INFO  F.i.a.t.i.TraceInterceptor - [UUID: ed8f00ae-e566-4a0, user: -1, request: /log method: GET] time = 22ms, queries = 0
[2023-08-24 23:13:32:1823519][http-nio-8081-exec-2] INFO  F.i.a.t.i.TraceInterceptor - [UUID: 3c3baf77-adb9-429, user: -1, request: /favicon.ico method: GET] time = 2ms, queries = 0
